Verification Output:
============================= test session starts =============================
collecting ... collected 13 items / 1 skipped

tests/test_reproducibility.py::test_golden_run_matches_snapshot ERROR    [  7%]
tests/test_reproducibility.py::test_golden_run_365_days_snapshot ERROR   [ 15%]
tests/test_reproducibility.py::test_different_seeds_produce_different_results[0] ERROR [ 23%]
tests/test_reproducibility.py::test_different_seeds_produce_different_results[1337] ERROR [ 30%]
tests/test_reproducibility.py::test_different_seeds_produce_different_results[42] ERROR [ 38%]
tests/test_reproducibility.py::test_different_seeds_produce_different_results[12345] ERROR [ 46%]
tests/test_reproducibility.py::test_hash_stability_across_runs ERROR     [ 53%]
tests/test_reproducibility.py::test_configuration_change_detection ERROR [ 61%]
tests/test_reproducibility.py::test_minimal_run_snapshot ERROR           [ 69%]
tests/test_reproducibility.py::test_golden_event_stream_matches_snapshot[42] ERROR [ 76%]
tests/test_reproducibility.py::test_ci_reproducibility_check[42] ERROR   [ 84%]
integration_tests/test_scientific_reproducibility.py::TestReproducibilityIntegration::test_complete_reproducibility_validation FAILED [ 92%]
tests/integration/test_tier2_golden_master.py::test_create_enterprise_v1_0_baseline PASSED [100%]

======= 1 failed, 1 passed, 1 skipped, 41 warnings, 11 errors in 7.53s ========

Errors:
C:\Users\admin\AppData\Roaming\Python\Python313\site-packages\pytest_asyncio\plugin.py:252: PytestDeprecationWarning: The configuration option "asyncio_default_fixture_loop_scope" is unset.
The event loop scope for asynchronous fixtures will default to the fixture caching scope. Future versions of pytest-asyncio will default the loop scope for asynchronous fixtures to function scope. Set the default fixture loop scope explicitly in order to avoid unexpected behavior in the future. Valid fixture loop scopes are: "function", "class", "module", "package", "session"

  warnings.warn(PytestDeprecationWarning(_DEFAULT_FIXTURE_LOOP_SCOPE_UNSET))

Traceback (most recent call last):
  File "C:\Users\admin\GitHub-projects\fba\FBA-Bench-Enterprise\scripts\verify_golden_masters.py", line 74, in <module>
    main()
    ~~~~^^
  File "C:\Users\admin\GitHub-projects\fba\FBA-Bench-Enterprise\scripts\verify_golden_masters.py", line 66, in main
    print("\n\u274c Golden master verification FAILED. Mismatches detected in outputs.")
    ~~~~~^^^^^^^^^^^^^^^^^^^^^^^^^^^^^^^^^^^^^^^^^^^^^^^^^^^^^^^^^^^^^^^^^^^^^^^^^^^
  File "C:\ProgramData\anaconda3\Lib\encodings\cp1252.py", line 19, in encode
    return codecs.charmap_encode(input,self.errors,encoding_table)[0]
           ~~~~~~~~~~~~~~~~~~~~~^^^^^^^^^^^^^^^^^^^^^^^^^^^^^^^^^^
UnicodeEncodeError: 'charmap' codec can't encode character '\u274c' in position 2: character maps to <undefined>
