<?xml version="1.0" encoding="utf-8"?><testsuites><testsuite name="pytest" errors="35" failures="0" skipped="2" tests="37" time="17.825" timestamp="2025-09-28T21:27:34.960198" hostname="Bender1011001"><testcase classname="" name="integration_tests.test_end_to_end_workflow" time="0.000"><error message="collection failure">ImportError while importing test module 'C:\Users\admin\Downloads\fba\integration_tests\test_end_to_end_workflow.py'.
Hint: make sure your test modules/packages have valid Python names.
Traceback:
C:\Program Files\WindowsApps\PythonSoftwareFoundation.Python.3.12_3.12.2800.0_x64__qbz5n2kfra8p0\Lib\importlib\__init__.py:90: in import_module
    return _bootstrap._gcd_import(name[level:], package, level)
integration_tests\test_end_to_end_workflow.py:43: in &lt;module&gt;
    from simulation_orchestrator import SimulationConfig
simulation_orchestrator.py:36: in &lt;module&gt;
    from src.scenarios.scenario_engine import ScenarioEngine
src\scenarios\scenario_engine.py:11: in &lt;module&gt;
    from instrumentation.clearml_tracking import ClearMLTracker
E   ImportError: cannot import name 'ClearMLTracker' from 'instrumentation.clearml_tracking' (C:\Users\admin\Downloads\fba\src\instrumentation\clearml_tracking.py)</error></testcase><testcase classname="" name="integration_tests.test_performance_benchmarks" time="0.000"><error message="collection failure">ImportError while importing test module 'C:\Users\admin\Downloads\fba\integration_tests\test_performance_benchmarks.py'.
Hint: make sure your test modules/packages have valid Python names.
Traceback:
C:\Program Files\WindowsApps\PythonSoftwareFoundation.Python.3.12_3.12.2800.0_x64__qbz5n2kfra8p0\Lib\importlib\__init__.py:90: in import_module
    return _bootstrap._gcd_import(name[level:], package, level)
integration_tests\test_performance_benchmarks.py:42: in &lt;module&gt;
    from simulation_orchestrator import SimulationConfig, SimulationOrchestrator
simulation_orchestrator.py:36: in &lt;module&gt;
    from src.scenarios.scenario_engine import ScenarioEngine
src\scenarios\scenario_engine.py:11: in &lt;module&gt;
    from instrumentation.clearml_tracking import ClearMLTracker
E   ImportError: cannot import name 'ClearMLTracker' from 'instrumentation.clearml_tracking' (C:\Users\admin\Downloads\fba\src\instrumentation\clearml_tracking.py)</error></testcase><testcase classname="" name="integration_tests.test_scientific_reproducibility" time="0.000"><error message="collection failure">ImportError while importing test module 'C:\Users\admin\Downloads\fba\integration_tests\test_scientific_reproducibility.py'.
Hint: make sure your test modules/packages have valid Python names.
Traceback:
C:\Program Files\WindowsApps\PythonSoftwareFoundation.Python.3.12_3.12.2800.0_x64__qbz5n2kfra8p0\Lib\importlib\__init__.py:90: in import_module
    return _bootstrap._gcd_import(name[level:], package, level)
integration_tests\test_scientific_reproducibility.py:39: in &lt;module&gt;
    from simulation_orchestrator import SimulationConfig, SimulationOrchestrator
simulation_orchestrator.py:36: in &lt;module&gt;
    from src.scenarios.scenario_engine import ScenarioEngine
src\scenarios\scenario_engine.py:11: in &lt;module&gt;
    from instrumentation.clearml_tracking import ClearMLTracker
E   ImportError: cannot import name 'ClearMLTracker' from 'instrumentation.clearml_tracking' (C:\Users\admin\Downloads\fba\src\instrumentation\clearml_tracking.py)</error></testcase><testcase classname="" name="integration_tests.test_tier1_requirements" time="0.000"><error message="collection failure">ImportError while importing test module 'C:\Users\admin\Downloads\fba\integration_tests\test_tier1_requirements.py'.
Hint: make sure your test modules/packages have valid Python names.
Traceback:
C:\Program Files\WindowsApps\PythonSoftwareFoundation.Python.3.12_3.12.2800.0_x64__qbz5n2kfra8p0\Lib\importlib\__init__.py:90: in import_module
    return _bootstrap._gcd_import(name[level:], package, level)
integration_tests\test_tier1_requirements.py:48: in &lt;module&gt;
    from simulation_orchestrator import SimulationConfig
simulation_orchestrator.py:36: in &lt;module&gt;
    from src.scenarios.scenario_engine import ScenarioEngine
src\scenarios\scenario_engine.py:11: in &lt;module&gt;
    from instrumentation.clearml_tracking import ClearMLTracker
E   ImportError: cannot import name 'ClearMLTracker' from 'instrumentation.clearml_tracking' (C:\Users\admin\Downloads\fba\src\instrumentation\clearml_tracking.py)</error></testcase><testcase classname="" name="medusa_experiments.test_schema" time="0.000"><error message="collection failure">medusa_experiments\test_schema.py:3: in &lt;module&gt;
    with open('genomes/student_agent_gen_0.yaml', 'r') as f:
E   FileNotFoundError: [Errno 2] No such file or directory: 'genomes/student_agent_gen_0.yaml'</error></testcase><testcase classname="" name="scripts.test_cost_tracking" time="0.000"><error message="collection failure">ImportError while importing test module 'C:\Users\admin\Downloads\fba\scripts\test_cost_tracking.py'.
Hint: make sure your test modules/packages have valid Python names.
Traceback:
C:\Program Files\WindowsApps\PythonSoftwareFoundation.Python.3.12_3.12.2800.0_x64__qbz5n2kfra8p0\Lib\importlib\__init__.py:90: in import_module
    return _bootstrap._gcd_import(name[level:], package, level)
scripts\test_cost_tracking.py:7: in &lt;module&gt;
    from simulation_orchestrator import SimulationConfig, SimulationOrchestrator
simulation_orchestrator.py:36: in &lt;module&gt;
    from src.scenarios.scenario_engine import ScenarioEngine
src\scenarios\scenario_engine.py:11: in &lt;module&gt;
    from instrumentation.clearml_tracking import ClearMLTracker
E   ImportError: cannot import name 'ClearMLTracker' from 'instrumentation.clearml_tracking' (C:\Users\admin\Downloads\fba\src\instrumentation\clearml_tracking.py)</error></testcase><testcase classname="" name="tests.test_agent_runners" time="0.000"><error message="collection failure">ImportError while importing test module 'C:\Users\admin\Downloads\fba\tests\test_agent_runners.py'.
Hint: make sure your test modules/packages have valid Python names.
Traceback:
C:\Program Files\WindowsApps\PythonSoftwareFoundation.Python.3.12_3.12.2800.0_x64__qbz5n2kfra8p0\Lib\importlib\__init__.py:90: in import_module
    return _bootstrap._gcd_import(name[level:], package, level)
tests\test_agent_runners.py:13: in &lt;module&gt;
    from agent_runners import (
E   ImportError: cannot import name 'RunnerFactory' from 'agent_runners' (C:\Users\admin\Downloads\fba\src\agent_runners\__init__.py). Did you mean: 'runner_factory'?</error></testcase><testcase classname="" name="tests.test_event_integration" time="0.000"><error message="collection failure">ImportError while importing test module 'C:\Users\admin\Downloads\fba\tests\test_event_integration.py'.
Hint: make sure your test modules/packages have valid Python names.
Traceback:
C:\Program Files\WindowsApps\PythonSoftwareFoundation.Python.3.12_3.12.2800.0_x64__qbz5n2kfra8p0\Lib\importlib\__init__.py:90: in import_module
    return _bootstrap._gcd_import(name[level:], package, level)
tests\test_event_integration.py:16: in &lt;module&gt;
    from simulation_orchestrator import SimulationConfig, SimulationOrchestrator
simulation_orchestrator.py:36: in &lt;module&gt;
    from src.scenarios.scenario_engine import ScenarioEngine
src\scenarios\scenario_engine.py:11: in &lt;module&gt;
    from instrumentation.clearml_tracking import ClearMLTracker
E   ImportError: cannot import name 'ClearMLTracker' from 'instrumentation.clearml_tracking' (C:\Users\admin\Downloads\fba\src\instrumentation\clearml_tracking.py)</error></testcase><testcase classname="" name="tests.test_infrastructure_scalability" time="0.000"><error message="collection failure">ImportError while importing test module 'C:\Users\admin\Downloads\fba\tests\test_infrastructure_scalability.py'.
Hint: make sure your test modules/packages have valid Python names.
Traceback:
C:\Program Files\WindowsApps\PythonSoftwareFoundation.Python.3.12_3.12.2800.0_x64__qbz5n2kfra8p0\Lib\importlib\__init__.py:90: in import_module
    return _bootstrap._gcd_import(name[level:], package, level)
tests\test_infrastructure_scalability.py:24: in &lt;module&gt;
    from simulation_orchestrator import SimulationConfig, SimulationOrchestrator
simulation_orchestrator.py:36: in &lt;module&gt;
    from src.scenarios.scenario_engine import ScenarioEngine
src\scenarios\scenario_engine.py:11: in &lt;module&gt;
    from instrumentation.clearml_tracking import ClearMLTracker
E   ImportError: cannot import name 'ClearMLTracker' from 'instrumentation.clearml_tracking' (C:\Users\admin\Downloads\fba\src\instrumentation\clearml_tracking.py)</error></testcase><testcase classname="" name="tests.test_metrics_endpoints" time="0.000"><error message="collection failure">ImportError while importing test module 'C:\Users\admin\Downloads\fba\tests\test_metrics_endpoints.py'.
Hint: make sure your test modules/packages have valid Python names.
Traceback:
C:\Program Files\WindowsApps\PythonSoftwareFoundation.Python.3.12_3.12.2800.0_x64__qbz5n2kfra8p0\Lib\importlib\__init__.py:90: in import_module
    return _bootstrap._gcd_import(name[level:], package, level)
tests\test_metrics_endpoints.py:13: in &lt;module&gt;
    from services.double_entry_ledger_service import DoubleEntryLedgerService
src\services\double_entry_ledger_service.py:1: in &lt;module&gt;
    from fba_bench_core.services.double_entry_ledger_service import *  # noqa: F403
src\fba_bench_core\services\double_entry_ledger_service.py:3: in &lt;module&gt;
    from .ledger import (
E   ImportError: cannot import name 'Account' from 'tests.ledger' (C:\Users\admin\Downloads\fba\tests\ledger\__init__.py)</error></testcase><testcase classname="" name="tests.test_missing_features" time="0.000"><error message="collection failure">ImportError while importing test module 'C:\Users\admin\Downloads\fba\tests\test_missing_features.py'.
Hint: make sure your test modules/packages have valid Python names.
Traceback:
C:\Program Files\WindowsApps\PythonSoftwareFoundation.Python.3.12_3.12.2800.0_x64__qbz5n2kfra8p0\Lib\importlib\__init__.py:90: in import_module
    return _bootstrap._gcd_import(name[level:], package, level)
tests\test_missing_features.py:13: in &lt;module&gt;
    from services.double_entry_ledger_service import DoubleEntryLedgerService
src\services\double_entry_ledger_service.py:1: in &lt;module&gt;
    from fba_bench_core.services.double_entry_ledger_service import *  # noqa: F403
src\fba_bench_core\services\double_entry_ledger_service.py:3: in &lt;module&gt;
    from .ledger import (
E   ImportError: cannot import name 'Account' from 'tests.ledger' (C:\Users\admin\Downloads\fba\tests\ledger\__init__.py)</error></testcase><testcase classname="" name="tests.test_reproducibility" time="0.000"><error message="collection failure">ImportError while importing test module 'C:\Users\admin\Downloads\fba\tests\test_reproducibility.py'.
Hint: make sure your test modules/packages have valid Python names.
Traceback:
C:\Program Files\WindowsApps\PythonSoftwareFoundation.Python.3.12_3.12.2800.0_x64__qbz5n2kfra8p0\Lib\importlib\__init__.py:90: in import_module
    return _bootstrap._gcd_import(name[level:], package, level)
tests\test_reproducibility.py:8: in &lt;module&gt;
    from simulation_orchestrator import SimulationConfig  # Import SimulationConfig
simulation_orchestrator.py:36: in &lt;module&gt;
    from src.scenarios.scenario_engine import ScenarioEngine
src\scenarios\scenario_engine.py:11: in &lt;module&gt;
    from instrumentation.clearml_tracking import ClearMLTracker
E   ImportError: cannot import name 'ClearMLTracker' from 'instrumentation.clearml_tracking' (C:\Users\admin\Downloads\fba\src\instrumentation\clearml_tracking.py)</error></testcase><testcase classname="" name="tests.test_scenario_system" time="0.000"><error message="collection failure">ImportError while importing test module 'C:\Users\admin\Downloads\fba\tests\test_scenario_system.py'.
Hint: make sure your test modules/packages have valid Python names.
Traceback:
C:\Program Files\WindowsApps\PythonSoftwareFoundation.Python.3.12_3.12.2800.0_x64__qbz5n2kfra8p0\Lib\importlib\__init__.py:90: in import_module
    return _bootstrap._gcd_import(name[level:], package, level)
tests\test_scenario_system.py:18: in &lt;module&gt;
    from scenarios.scenario_engine import ScenarioEngine
src\scenarios\scenario_engine.py:11: in &lt;module&gt;
    from instrumentation.clearml_tracking import ClearMLTracker
E   ImportError: cannot import name 'ClearMLTracker' from 'instrumentation.clearml_tracking' (C:\Users\admin\Downloads\fba\src\instrumentation\clearml_tracking.py)</error></testcase><testcase classname="" name="tests.test_system_integration" time="0.000"><error message="collection failure">tests\test_system_integration.py:33: in &lt;module&gt;
    from fba_bench_api.server.app_factory import lifespan
src\fba_bench_api\server\app_factory.py:14: in &lt;module&gt;
    from fba_bench_api.api.routes import benchmarks as benchmarks_routes
src\fba_bench_api\api\routes\benchmarks.py:207: in &lt;module&gt;
    benchmark_service = BenchmarkService()
src\fba_bench_api\api\routes\benchmarks.py:43: in __init__
    self.worker_task = asyncio.create_task(self._worker())
C:\Program Files\WindowsApps\PythonSoftwareFoundation.Python.3.12_3.12.2800.0_x64__qbz5n2kfra8p0\Lib\asyncio\tasks.py:417: in create_task
    loop = events.get_running_loop()
E   RuntimeError: no running event loop</error></testcase><testcase classname="" name="tests.api.test_medusa" time="0.000"><error message="collection failure">import file mismatch:
imported module 'test_medusa' has this __file__ attribute:
  C:\Users\admin\Downloads\fba\medusa_experiments\test_medusa.py
which is not the same as the test file we want to collect:
  C:\Users\admin\Downloads\fba\tests\api\test_medusa.py
HINT: remove __pycache__ / .pyc files and/or use a unique basename for your test file modules</error></testcase><testcase classname="" name="tests.integration.test_end_to_end_scenarios" time="0.000"><skipped message="collection skipped">('C:\\Users\\admin\\Downloads\\fba\\tests\\integration\\test_end_to_end_scenarios.py', 3, 'Skipped: Legacy React/TypeScript frontend removed; disabling E2E tests that depend on frontend services')</skipped></testcase><testcase classname="" name="tests.integration.test_frontend_backend_integration" time="0.000"><skipped message="collection skipped">('C:\\Users\\admin\\Downloads\\fba\\tests\\integration\\test_frontend_backend_integration.py', 3, 'Skipped: Legacy React/TypeScript frontend removed; disabling frontend-backend integration tests')</skipped></testcase><testcase classname="" name="tests.integration.test_golden_run" time="0.000"><error message="collection failure">ImportError while importing test module 'C:\Users\admin\Downloads\fba\tests\integration\test_golden_run.py'.
Hint: make sure your test modules/packages have valid Python names.
Traceback:
C:\Program Files\WindowsApps\PythonSoftwareFoundation.Python.3.12_3.12.2800.0_x64__qbz5n2kfra8p0\Lib\importlib\__init__.py:90: in import_module
    return _bootstrap._gcd_import(name[level:], package, level)
tests\integration\test_golden_run.py:15: in &lt;module&gt;
    from services.double_entry_ledger_service import DoubleEntryLedgerService
src\services\double_entry_ledger_service.py:1: in &lt;module&gt;
    from fba_bench_core.services.double_entry_ledger_service import *  # noqa: F403
src\fba_bench_core\services\double_entry_ledger_service.py:3: in &lt;module&gt;
    from .ledger import (
E   ImportError: cannot import name 'Account' from 'tests.ledger' (C:\Users\admin\Downloads\fba\tests\ledger\__init__.py)</error></testcase><testcase classname="" name="tests.integration.test_websocket_realtime" time="0.000"><error message="collection failure">tests\integration\test_websocket_realtime.py:12: in &lt;module&gt;
    from fba_bench_api.main import create_app
src\fba_bench_api\main.py:5: in &lt;module&gt;
    from fba_bench_api.server.app_factory import create_app
src\fba_bench_api\server\app_factory.py:14: in &lt;module&gt;
    from fba_bench_api.api.routes import benchmarks as benchmarks_routes
src\fba_bench_api\api\routes\benchmarks.py:207: in &lt;module&gt;
    benchmark_service = BenchmarkService()
src\fba_bench_api\api\routes\benchmarks.py:43: in __init__
    self.worker_task = asyncio.create_task(self._worker())
C:\Program Files\WindowsApps\PythonSoftwareFoundation.Python.3.12_3.12.2800.0_x64__qbz5n2kfra8p0\Lib\asyncio\tasks.py:417: in create_task
    loop = events.get_running_loop()
E   RuntimeError: no running event loop</error></testcase><testcase classname="" name="tests.integration.api.test_agents_api" time="0.000"><error message="collection failure">tests\integration\api\test_agents_api.py:13: in &lt;module&gt;
    from fba_bench_api.main import create_app  # noqa: E402
src\fba_bench_api\main.py:5: in &lt;module&gt;
    from fba_bench_api.server.app_factory import create_app
src\fba_bench_api\server\app_factory.py:14: in &lt;module&gt;
    from fba_bench_api.api.routes import benchmarks as benchmarks_routes
src\fba_bench_api\api\routes\benchmarks.py:207: in &lt;module&gt;
    benchmark_service = BenchmarkService()
src\fba_bench_api\api\routes\benchmarks.py:43: in __init__
    self.worker_task = asyncio.create_task(self._worker())
C:\Program Files\WindowsApps\PythonSoftwareFoundation.Python.3.12_3.12.2800.0_x64__qbz5n2kfra8p0\Lib\asyncio\tasks.py:417: in create_task
    loop = events.get_running_loop()
E   RuntimeError: no running event loop</error></testcase><testcase classname="" name="tests.integration.api.test_config_api" time="0.000"><error message="collection failure">tests\integration\api\test_config_api.py:4: in &lt;module&gt;
    from fba_bench_api.main import create_app
src\fba_bench_api\main.py:5: in &lt;module&gt;
    from fba_bench_api.server.app_factory import create_app
src\fba_bench_api\server\app_factory.py:14: in &lt;module&gt;
    from fba_bench_api.api.routes import benchmarks as benchmarks_routes
src\fba_bench_api\api\routes\benchmarks.py:207: in &lt;module&gt;
    benchmark_service = BenchmarkService()
src\fba_bench_api\api\routes\benchmarks.py:43: in __init__
    self.worker_task = asyncio.create_task(self._worker())
C:\Program Files\WindowsApps\PythonSoftwareFoundation.Python.3.12_3.12.2800.0_x64__qbz5n2kfra8p0\Lib\asyncio\tasks.py:417: in create_task
    loop = events.get_running_loop()
E   RuntimeError: no running event loop</error></testcase><testcase classname="" name="tests.integration.api.test_experiments_api" time="0.000"><error message="collection failure">tests\integration\api\test_experiments_api.py:13: in &lt;module&gt;
    from fba_bench_api.main import create_app  # noqa: E402
src\fba_bench_api\main.py:5: in &lt;module&gt;
    from fba_bench_api.server.app_factory import create_app
src\fba_bench_api\server\app_factory.py:14: in &lt;module&gt;
    from fba_bench_api.api.routes import benchmarks as benchmarks_routes
src\fba_bench_api\api\routes\benchmarks.py:207: in &lt;module&gt;
    benchmark_service = BenchmarkService()
src\fba_bench_api\api\routes\benchmarks.py:43: in __init__
    self.worker_task = asyncio.create_task(self._worker())
C:\Program Files\WindowsApps\PythonSoftwareFoundation.Python.3.12_3.12.2800.0_x64__qbz5n2kfra8p0\Lib\asyncio\tasks.py:417: in create_task
    loop = events.get_running_loop()
E   RuntimeError: no running event loop</error></testcase><testcase classname="" name="tests.integration.api.test_experiments_stop_and_results" time="0.000"><error message="collection failure">tests\integration\api\test_experiments_stop_and_results.py:6: in &lt;module&gt;
    from fba_bench_api.main import create_app as _create_app
src\fba_bench_api\main.py:5: in &lt;module&gt;
    from fba_bench_api.server.app_factory import create_app
src\fba_bench_api\server\app_factory.py:14: in &lt;module&gt;
    from fba_bench_api.api.routes import benchmarks as benchmarks_routes
src\fba_bench_api\api\routes\benchmarks.py:207: in &lt;module&gt;
    benchmark_service = BenchmarkService()
src\fba_bench_api\api\routes\benchmarks.py:43: in __init__
    self.worker_task = asyncio.create_task(self._worker())
C:\Program Files\WindowsApps\PythonSoftwareFoundation.Python.3.12_3.12.2800.0_x64__qbz5n2kfra8p0\Lib\asyncio\tasks.py:417: in create_task
    loop = events.get_running_loop()
E   RuntimeError: no running event loop</error></testcase><testcase classname="" name="tests.integration.api.test_health_and_security" time="0.000"><error message="collection failure">tests\integration\api\test_health_and_security.py:4: in &lt;module&gt;
    from fba_bench_api.main import app
src\fba_bench_api\main.py:5: in &lt;module&gt;
    from fba_bench_api.server.app_factory import create_app
src\fba_bench_api\server\app_factory.py:14: in &lt;module&gt;
    from fba_bench_api.api.routes import benchmarks as benchmarks_routes
src\fba_bench_api\api\routes\benchmarks.py:207: in &lt;module&gt;
    benchmark_service = BenchmarkService()
src\fba_bench_api\api\routes\benchmarks.py:43: in __init__
    self.worker_task = asyncio.create_task(self._worker())
C:\Program Files\WindowsApps\PythonSoftwareFoundation.Python.3.12_3.12.2800.0_x64__qbz5n2kfra8p0\Lib\asyncio\tasks.py:417: in create_task
    loop = events.get_running_loop()
E   RuntimeError: no running event loop</error></testcase><testcase classname="" name="tests.integration.api.test_settings_and_metrics" time="0.000"><error message="collection failure">tests\integration\api\test_settings_and_metrics.py:4: in &lt;module&gt;
    from fba_bench_api.main import app
src\fba_bench_api\main.py:5: in &lt;module&gt;
    from fba_bench_api.server.app_factory import create_app
src\fba_bench_api\server\app_factory.py:14: in &lt;module&gt;
    from fba_bench_api.api.routes import benchmarks as benchmarks_routes
src\fba_bench_api\api\routes\benchmarks.py:207: in &lt;module&gt;
    benchmark_service = BenchmarkService()
src\fba_bench_api\api\routes\benchmarks.py:43: in __init__
    self.worker_task = asyncio.create_task(self._worker())
C:\Program Files\WindowsApps\PythonSoftwareFoundation.Python.3.12_3.12.2800.0_x64__qbz5n2kfra8p0\Lib\asyncio\tasks.py:417: in create_task
    loop = events.get_running_loop()
E   RuntimeError: no running event loop</error></testcase><testcase classname="" name="tests.integration.api.test_simulation_api" time="0.000"><error message="collection failure">tests\integration\api\test_simulation_api.py:13: in &lt;module&gt;
    from fba_bench_api.main import create_app  # noqa: E402
src\fba_bench_api\main.py:5: in &lt;module&gt;
    from fba_bench_api.server.app_factory import create_app
src\fba_bench_api\server\app_factory.py:14: in &lt;module&gt;
    from fba_bench_api.api.routes import benchmarks as benchmarks_routes
src\fba_bench_api\api\routes\benchmarks.py:207: in &lt;module&gt;
    benchmark_service = BenchmarkService()
src\fba_bench_api\api\routes\benchmarks.py:43: in __init__
    self.worker_task = asyncio.create_task(self._worker())
C:\Program Files\WindowsApps\PythonSoftwareFoundation.Python.3.12_3.12.2800.0_x64__qbz5n2kfra8p0\Lib\asyncio\tasks.py:417: in create_task
    loop = events.get_running_loop()
E   RuntimeError: no running event loop</error></testcase><testcase classname="" name="tests.orchestration.test_orchestration_system" time="0.000"><error message="collection failure">ImportError while importing test module 'C:\Users\admin\Downloads\fba\tests\orchestration\test_orchestration_system.py'.
Hint: make sure your test modules/packages have valid Python names.
Traceback:
C:\Program Files\WindowsApps\PythonSoftwareFoundation.Python.3.12_3.12.2800.0_x64__qbz5n2kfra8p0\Lib\importlib\__init__.py:90: in import_module
    return _bootstrap._gcd_import(name[level:], package, level)
tests\orchestration\test_orchestration_system.py:25: in &lt;module&gt;
    from tests.curriculum.scenario_curriculum_tests import ScenarioAndCurriculumTestSuite
tests\curriculum\scenario_curriculum_tests.py:31: in &lt;module&gt;
    from scenarios.scenario_engine import ScenarioEngine, ScenarioType
src\scenarios\scenario_engine.py:11: in &lt;module&gt;
    from instrumentation.clearml_tracking import ClearMLTracker
E   ImportError: cannot import name 'ClearMLTracker' from 'instrumentation.clearml_tracking' (C:\Users\admin\Downloads\fba\src\instrumentation\clearml_tracking.py)</error></testcase><testcase classname="" name="tests.unit.test_advanced_metrics" time="0.000"><error message="collection failure">import file mismatch:
imported module 'test_advanced_metrics' has this __file__ attribute:
  C:\Users\admin\Downloads\fba\tests\benchmarking\test_advanced_metrics.py
which is not the same as the test file we want to collect:
  C:\Users\admin\Downloads\fba\tests\unit\test_advanced_metrics.py
HINT: remove __pycache__ / .pyc files and/or use a unique basename for your test file modules</error></testcase><testcase classname="" name="tests.unit.test_dependencies" time="0.000"><error message="collection failure">ImportError while importing test module 'C:\Users\admin\Downloads\fba\tests\unit\test_dependencies.py'.
Hint: make sure your test modules/packages have valid Python names.
Traceback:
C:\Program Files\WindowsApps\PythonSoftwareFoundation.Python.3.12_3.12.2800.0_x64__qbz5n2kfra8p0\Lib\importlib\__init__.py:90: in import_module
    return _bootstrap._gcd_import(name[level:], package, level)
tests\unit\test_dependencies.py:16: in &lt;module&gt;
    from simulation_orchestrator import SimulationOrchestrator  # Ensure import works
simulation_orchestrator.py:36: in &lt;module&gt;
    from src.scenarios.scenario_engine import ScenarioEngine
src\scenarios\scenario_engine.py:11: in &lt;module&gt;
    from instrumentation.clearml_tracking import ClearMLTracker
E   ImportError: cannot import name 'ClearMLTracker' from 'instrumentation.clearml_tracking' (C:\Users\admin\Downloads\fba\src\instrumentation\clearml_tracking.py)</error></testcase><testcase classname="" name="tests.unit.test_dispute_service" time="0.000"><error message="collection failure">ImportError while importing test module 'C:\Users\admin\Downloads\fba\tests\unit\test_dispute_service.py'.
Hint: make sure your test modules/packages have valid Python names.
Traceback:
C:\Program Files\WindowsApps\PythonSoftwareFoundation.Python.3.12_3.12.2800.0_x64__qbz5n2kfra8p0\Lib\importlib\__init__.py:90: in import_module
    return _bootstrap._gcd_import(name[level:], package, level)
tests\unit\test_dispute_service.py:4: in &lt;module&gt;
    from services.dispute_service import DisputeDetails, DisputeResolution, DisputeService
src\services\dispute_service.py:1: in &lt;module&gt;
    from fba_bench_core.services.dispute_service import *  # noqa: F403
src\fba_bench_core\services\dispute_service.py:14: in &lt;module&gt;
    from services.double_entry_ledger_service import (
src\services\double_entry_ledger_service.py:1: in &lt;module&gt;
    from fba_bench_core.services.double_entry_ledger_service import *  # noqa: F403
src\fba_bench_core\services\double_entry_ledger_service.py:3: in &lt;module&gt;
    from .ledger import (
E   ImportError: cannot import name 'Account' from 'tests.ledger' (C:\Users\admin\Downloads\fba\tests\ledger\__init__.py)</error></testcase><testcase classname="" name="tests.unit.test_engine" time="0.000"><error message="collection failure">import file mismatch:
imported module 'test_engine' has this __file__ attribute:
  C:\Users\admin\Downloads\fba\tests\benchmarking\test_engine.py
which is not the same as the test file we want to collect:
  C:\Users\admin\Downloads\fba\tests\unit\test_engine.py
HINT: remove __pycache__ / .pyc files and/or use a unique basename for your test file modules</error></testcase><testcase classname="" name="tests.unit.test_metrics" time="0.000"><error message="collection failure">import file mismatch:
imported module 'test_metrics' has this __file__ attribute:
  C:\Users\admin\Downloads\fba\tests\benchmarking\test_metrics.py
which is not the same as the test file we want to collect:
  C:\Users\admin\Downloads\fba\tests\unit\test_metrics.py
HINT: remove __pycache__ / .pyc files and/or use a unique basename for your test file modules</error></testcase><testcase classname="" name="tests.unit.test_prod_config_enforcement" time="0.000"><error message="collection failure">tests\unit\test_prod_config_enforcement.py:5: in &lt;module&gt;
    from fba_bench_api.main import create_app as _create_app
src\fba_bench_api\main.py:5: in &lt;module&gt;
    from fba_bench_api.server.app_factory import create_app
src\fba_bench_api\server\app_factory.py:14: in &lt;module&gt;
    from fba_bench_api.api.routes import benchmarks as benchmarks_routes
src\fba_bench_api\api\routes\benchmarks.py:207: in &lt;module&gt;
    benchmark_service = BenchmarkService()
src\fba_bench_api\api\routes\benchmarks.py:43: in __init__
    self.worker_task = asyncio.create_task(self._worker())
C:\Program Files\WindowsApps\PythonSoftwareFoundation.Python.3.12_3.12.2800.0_x64__qbz5n2kfra8p0\Lib\asyncio\tasks.py:417: in create_task
    loop = events.get_running_loop()
E   RuntimeError: no running event loop</error></testcase><testcase classname="" name="tests.unit.test_version_and_health" time="0.000"><error message="collection failure">tests\unit\test_version_and_health.py:6: in &lt;module&gt;
    from fba_bench_api.main import app
src\fba_bench_api\main.py:5: in &lt;module&gt;
    from fba_bench_api.server.app_factory import create_app
src\fba_bench_api\server\app_factory.py:14: in &lt;module&gt;
    from fba_bench_api.api.routes import benchmarks as benchmarks_routes
src\fba_bench_api\api\routes\benchmarks.py:207: in &lt;module&gt;
    benchmark_service = BenchmarkService()
src\fba_bench_api\api\routes\benchmarks.py:43: in __init__
    self.worker_task = asyncio.create_task(self._worker())
C:\Program Files\WindowsApps\PythonSoftwareFoundation.Python.3.12_3.12.2800.0_x64__qbz5n2kfra8p0\Lib\asyncio\tasks.py:417: in create_task
    loop = events.get_running_loop()
E   RuntimeError: no running event loop</error></testcase><testcase classname="" name="tests.unit.api.test_experiment_runs" time="0.000"><error message="collection failure">tests\unit\api\test_experiment_runs.py:19: in &lt;module&gt;
    from fba_bench_api.server.app_factory import create_app
src\fba_bench_api\server\app_factory.py:14: in &lt;module&gt;
    from fba_bench_api.api.routes import benchmarks as benchmarks_routes
src\fba_bench_api\api\routes\benchmarks.py:207: in &lt;module&gt;
    benchmark_service = BenchmarkService()
src\fba_bench_api\api\routes\benchmarks.py:43: in __init__
    self.worker_task = asyncio.create_task(self._worker())
C:\Program Files\WindowsApps\PythonSoftwareFoundation.Python.3.12_3.12.2800.0_x64__qbz5n2kfra8p0\Lib\asyncio\tasks.py:417: in create_task
    loop = events.get_running_loop()
E   RuntimeError: no running event loop</error></testcase><testcase classname="" name="tests.unit.api.test_scenarios" time="0.000"><error message="collection failure">import file mismatch:
imported module 'test_scenarios' has this __file__ attribute:
  C:\Users\admin\Downloads\fba\tests\unit\test_scenarios.py
which is not the same as the test file we want to collect:
  C:\Users\admin\Downloads\fba\tests\unit\api\test_scenarios.py
HINT: remove __pycache__ / .pyc files and/or use a unique basename for your test file modules</error></testcase><testcase classname="" name="tests.unit.benchmarking.test_engine_new_api" time="0.000"><error message="collection failure">ImportError while importing test module 'C:\Users\admin\Downloads\fba\tests\unit\benchmarking\test_engine_new_api.py'.
Hint: make sure your test modules/packages have valid Python names.
Traceback:
C:\Program Files\WindowsApps\PythonSoftwareFoundation.Python.3.12_3.12.2800.0_x64__qbz5n2kfra8p0\Lib\importlib\__init__.py:90: in import_module
    return _bootstrap._gcd_import(name[level:], package, level)
tests\unit\benchmarking\test_engine_new_api.py:10: in &lt;module&gt;
    from benchmarking.core.models import (
E   ImportError: cannot import name 'ScenarioResult' from 'benchmarking.core.models' (C:\Users\admin\Downloads\fba\src\benchmarking\core\models.py)</error></testcase></testsuite></testsuites>